[INFO] Scanning for projects...
[INFO] 
[INFO] ----------------------< com.cdac:session-service >----------------------
[INFO] Building session-service 0.0.1-SNAPSHOT
[INFO]   from pom.xml
[INFO] --------------------------------[ jar ]---------------------------------
[INFO] 
[INFO] --- clean:3.4.0:clean (default-clean) @ session-service ---
[INFO] Deleting D:\Discoursify_Microservices\backend\session-service\target
[INFO] 
[INFO] --- resources:3.3.1:resources (default-resources) @ session-service ---
[INFO] Copying 2 resources from src\main\resources to target\classes
[INFO] Copying 8 resources from src\main\resources to target\classes
[INFO] 
[INFO] --- compiler:3.13.0:compile (default-compile) @ session-service ---
[INFO] Recompiling the module because of changed source code.
[INFO] Compiling 33 source files with javac [debug parameters release 17] to target\classes
[INFO] Annotation processing is enabled because one or more processors were found
  on the class path. A future release of javac may disable annotation processing
  unless at least one processor is specified by name (-processor), or a search
  path is specified (--processor-path, --processor-module-path), or annotation
  processing is enabled explicitly (-proc:only, -proc:full).
  Use -Xlint:-options to suppress this message.
  Use -proc:none to disable annotation processing.
[INFO] -------------------------------------------------------------
[ERROR] COMPILATION ERROR : 
[INFO] -------------------------------------------------------------
[ERROR] /D:/Discoursify_Microservices/backend/session-service/src/main/java/com/cdac/gd/controller/ReportController.java:[3,25] cannot find symbol
  symbol:   class Report
  location: package com.cdac.gd.model
[ERROR] /D:/Discoursify_Microservices/backend/session-service/src/main/java/com/cdac/gd/controller/ReportController.java:[4,30] cannot find symbol
  symbol:   class ReportRepository
  location: package com.cdac.gd.repository
[ERROR] /D:/Discoursify_Microservices/backend/session-service/src/main/java/com/cdac/gd/controller/ReportController.java:[18,13] cannot find symbol
  symbol:   class ReportRepository
  location: class com.cdac.gd.controller.ReportController
[ERROR] /D:/Discoursify_Microservices/backend/session-service/src/main/java/com/cdac/gd/controller/ReportController.java:[21,61] cannot find symbol
  symbol:   class Report
  location: class com.cdac.gd.controller.ReportController
[ERROR] /D:/Discoursify_Microservices/backend/session-service/src/main/java/com/cdac/gd/controller/ReportController.java:[21,27] cannot find symbol
  symbol:   class Report
  location: class com.cdac.gd.controller.ReportController
[ERROR] /D:/Discoursify_Microservices/backend/session-service/src/main/java/com/cdac/gd/controller/ReportController.java:[27,32] cannot find symbol
  symbol:   class Report
  location: class com.cdac.gd.controller.ReportController
[ERROR] /D:/Discoursify_Microservices/backend/session-service/src/main/java/com/cdac/gd/controller/ReportController.java:[36,27] cannot find symbol
  symbol:   class Report
  location: class com.cdac.gd.controller.ReportController
[ERROR] /D:/Discoursify_Microservices/backend/session-service/src/main/java/com/cdac/gd/controller/ReportController.java:[48,32] cannot find symbol
  symbol:   class Report
  location: class com.cdac.gd.controller.ReportController
[ERROR] /D:/Discoursify_Microservices/backend/session-service/src/main/java/com/cdac/gd/service/SessionService.java:[63,13] cannot find symbol
  symbol:   class AiEvaluationService
  location: class com.cdac.gd.service.SessionService
[ERROR] /D:/Discoursify_Microservices/backend/session-service/src/main/java/com/cdac/gd/service/SessionCleanupService.java:[24,13] cannot find symbol
  symbol:   class AiEvaluationService
  location: class com.cdac.gd.service.SessionCleanupService
[INFO] 10 errors 
[INFO] -------------------------------------------------------------
[INFO] ------------------------------------------------------------------------
[INFO] BUILD FAILURE
[INFO] ------------------------------------------------------------------------
[INFO] Total time:  4.173 s
[INFO] Finished at: 2026-02-01T11:18:38+05:30
[INFO] ------------------------------------------------------------------------
[ERROR] Failed to execute goal org.apache.maven.plugins:maven-compiler-plugin:3.13.0:compile (default-compile) on project session-service: Compilation failure: Compilation failure: 
[ERROR] /D:/Discoursify_Microservices/backend/session-service/src/main/java/com/cdac/gd/controller/ReportController.java:[3,25] cannot find symbol
[ERROR]   symbol:   class Report
[ERROR]   location: package com.cdac.gd.model
[ERROR] /D:/Discoursify_Microservices/backend/session-service/src/main/java/com/cdac/gd/controller/ReportController.java:[4,30] cannot find symbol
[ERROR]   symbol:   class ReportRepository
[ERROR]   location: package com.cdac.gd.repository
[ERROR] /D:/Discoursify_Microservices/backend/session-service/src/main/java/com/cdac/gd/controller/ReportController.java:[18,13] cannot find symbol
[ERROR]   symbol:   class ReportRepository
[ERROR]   location: class com.cdac.gd.controller.ReportController
[ERROR] /D:/Discoursify_Microservices/backend/session-service/src/main/java/com/cdac/gd/controller/ReportController.java:[21,61] cannot find symbol
[ERROR]   symbol:   class Report
[ERROR]   location: class com.cdac.gd.controller.ReportController
[ERROR] /D:/Discoursify_Microservices/backend/session-service/src/main/java/com/cdac/gd/controller/ReportController.java:[21,27] cannot find symbol
[ERROR]   symbol:   class Report
[ERROR]   location: class com.cdac.gd.controller.ReportController
[ERROR] /D:/Discoursify_Microservices/backend/session-service/src/main/java/com/cdac/gd/controller/ReportController.java:[27,32] cannot find symbol
[ERROR]   symbol:   class Report
[ERROR]   location: class com.cdac.gd.controller.ReportController
[ERROR] /D:/Discoursify_Microservices/backend/session-service/src/main/java/com/cdac/gd/controller/ReportController.java:[36,27] cannot find symbol
[ERROR]   symbol:   class Report
[ERROR]   location: class com.cdac.gd.controller.ReportController
[ERROR] /D:/Discoursify_Microservices/backend/session-service/src/main/java/com/cdac/gd/controller/ReportController.java:[48,32] cannot find symbol
[ERROR]   symbol:   class Report
[ERROR]   location: class com.cdac.gd.controller.ReportController
[ERROR] /D:/Discoursify_Microservices/backend/session-service/src/main/java/com/cdac/gd/service/SessionService.java:[63,13] cannot find symbol
[ERROR]   symbol:   class AiEvaluationService
[ERROR]   location: class com.cdac.gd.service.SessionService
[ERROR] /D:/Discoursify_Microservices/backend/session-service/src/main/java/com/cdac/gd/service/SessionCleanupService.java:[24,13] cannot find symbol
[ERROR]   symbol:   class AiEvaluationService
[ERROR]   location: class com.cdac.gd.service.SessionCleanupService
[ERROR] -> [Help 1]
[ERROR] 
[ERROR] To see the full stack trace of the errors, re-run Maven with the -e switch.
[ERROR] Re-run Maven using the -X switch to enable full debug logging.
[ERROR] 
[ERROR] For more information about the errors and possible solutions, please read the following articles:
[ERROR] [Help 1] http://cwiki.apache.org/confluence/display/MAVEN/MojoFailureException
